<?xml version="1.0" encoding="UTF-8"?>
<!-- Generated by org.testng.reporters.JUnitXMLReporter -->
<testsuite ignored="0" hostname="LAPTOP-Q8JJ5APL" failures="0" tests="1" name="Learning java on IE" time="0.056" errors="0" timestamp="25 Nov 2020 02:56:33 GMT">
  <testcase classname="com.rough.FindDoctor" name="@BeforeMethod openUrl" time="0.036">
    <failure type="java.lang.IllegalStateException" message="The path to the driver executable must be set by the webdriver.ie.driver system property; for more information, see https://github.com/SeleniumHQ/selenium/wiki/InternetExplorerDriver. The latest version can be downloaded from http://selenium-release.storage.googleapis.com/index.html">
      <![CDATA[java.lang.IllegalStateException: The path to the driver executable must be set by the webdriver.ie.driver system property; for more information, see https://github.com/SeleniumHQ/selenium/wiki/InternetExplorerDriver. The latest version can be downloaded from http://selenium-release.storage.googleapis.com/index.html
at com.google.common.base.Preconditions.checkState(Preconditions.java:847)
at org.openqa.selenium.remote.service.DriverService.findExecutable(DriverService.java:134)
at org.openqa.selenium.ie.InternetExplorerDriverService.access$000(InternetExplorerDriverService.java:35)
at org.openqa.selenium.ie.InternetExplorerDriverService$Builder.findDefaultExecutable(InternetExplorerDriverService.java:175)
at org.openqa.selenium.remote.service.DriverService$Builder.build(DriverService.java:355)
at org.openqa.selenium.ie.InternetExplorerDriver.setupService(InternetExplorerDriver.java:281)
at org.openqa.selenium.ie.InternetExplorerDriver.<init>(InternetExplorerDriver.java:211)
at org.openqa.selenium.ie.InternetExplorerDriver.<init>(InternetExplorerDriver.java:150)
at com.tests.BaseTest.initDriver(BaseTest.java:41)
at com.rough.FindDoctor.openUrl(FindDoctor.java:16)
at java.base/java.util.concurrent.FutureTask.run(FutureTask.java:264)
at java.base/java.util.concurrent.ThreadPoolExecutor.runWorker(ThreadPoolExecutor.java:1128)
at java.base/java.util.concurrent.ThreadPoolExecutor$Worker.run(ThreadPoolExecutor.java:628)
at java.base/java.lang.Thread.run(Thread.java:834)
... Removed 19 stack frames]]>
    </failure>
  </testcase> <!-- @BeforeMethod openUrl -->
  <testcase classname="com.rough.FindDoctor" name="findADoctor" time="0.0">
    <skipped/>
  </testcase> <!-- findADoctor -->
</testsuite> <!-- Learning java on IE -->
